==========================================
SLURM_JOB_ID = 18461700
SLURM_JOB_NODELIST = a03-15
TMPDIR = /tmp/SLURM_18461700
==========================================
Restoring modules from user's default
All data will be output to ./saved_data/coreset20240108-022310
Running on device: CUDA
Joining timeseries episodes with label...
Loading dataset to RAM...
Found unified episodes file at ./data/mimic3/ihm_preliminary/train/all_episodes.pkl, skipping individuals...
First item in the dataset: 
(tensor([[ 1.0000e+00,  0.0000e+00, -3.1726e-17,  ...,  0.0000e+00,
          0.0000e+00,  0.0000e+00],
        [ 1.0000e+00,  0.0000e+00,  6.6762e-02,  ...,  0.0000e+00,
          0.0000e+00,  0.0000e+00],
        [ 1.0000e+00,  0.0000e+00,  4.8902e-02,  ...,  2.2003e-02,
          0.0000e+00,  0.0000e+00],
        ...,
        [ 1.0000e+00,  0.0000e+00,  9.8018e-02,  ..., -8.6979e-02,
          4.1913e+00,  0.0000e+00],
        [ 1.0000e+00,  0.0000e+00,  1.2927e-01,  ..., -8.6979e-02,
          4.1913e+00,  0.0000e+00],
        [ 1.0000e+00,  0.0000e+00,  1.7646e-02,  ..., -8.6979e-02,
          4.1913e+00,  0.0000e+00]]), tensor(0))
Feature tensor shape: torch.Size([48, 42])
Joining timeseries episodes with label...
Loading dataset to RAM...
Found unified episodes file at ./data/mimic3/ihm_preliminary/test/all_episodes.pkl, skipping individuals...
First item in the dataset: 
(tensor([[ 1.0000,  0.0000,  0.0310,  ..., -0.1730, -0.8523,  0.0391],
        [ 1.0000,  0.0000,  0.0578,  ..., -0.1615, -0.8523,  0.0391],
        [ 1.0000,  0.0000,  0.0623,  ..., -0.1615, -0.8523,  0.0391],
        ...,
        [ 1.0000,  0.0000,  0.0132,  ...,  0.0335, -0.5163,  0.0521],
        [ 1.0000,  0.0000,  0.0087,  ...,  0.0335, -0.5163,  0.0521],
        [ 1.0000,  0.0000,  0.0400,  ...,  0.0335, -0.5163,  0.0521]]), tensor(0))
Feature tensor shape: torch.Size([48, 42])
Input tensor shape: torch.Size([48, 42])
----------EXPERIMENT 0----------
Coreset size = 2
Before training:
Evaluating random sampled model...:   0%|          | 0/4 [00:00<?, ?it/s]
Eval score (train): 0.4549
Eval score (test): 0.4474
Training model on coreset...:   0%|          | 0/4 [00:00<?, ?it/s]
It:   0%|          | 0/1000 [00:00<?, ?it/s]
It:   0%|          | 0/1000 [00:00<?, ?it/s]
It:   0%|          | 0/1000 [00:00<?, ?it/s]
It:   0%|          | 0/1000 [00:00<?, ?it/s]
After training:
Evaluating random sampled model...:   0%|          | 0/4 [00:00<?, ?it/s]
Eval score (train): 0.5539
Eval score (test): 0.5367
----------EXPERIMENT 1----------
Coreset size = 2
Before training:
Evaluating random sampled model...:   0%|          | 0/4 [00:00<?, ?it/s]
Eval score (train): 0.5019
Eval score (test): 0.4976
Training model on coreset...:   0%|          | 0/4 [00:00<?, ?it/s]
It:   0%|          | 0/1000 [00:00<?, ?it/s]
It:   0%|          | 0/1000 [00:00<?, ?it/s]
It:   0%|          | 0/1000 [00:00<?, ?it/s]
It:   0%|          | 0/1000 [00:00<?, ?it/s]
After training:
Evaluating random sampled model...:   0%|          | 0/4 [00:00<?, ?it/s]
Eval score (train): 0.5671
Eval score (test): 0.5705
----------EXPERIMENT 2----------
Coreset size = 2
Before training:
Evaluating random sampled model...:   0%|          | 0/4 [00:00<?, ?it/s]
Eval score (train): 0.5251
Eval score (test): 0.5178
Training model on coreset...:   0%|          | 0/4 [00:00<?, ?it/s]
It:   0%|          | 0/1000 [00:00<?, ?it/s]
It:   0%|          | 0/1000 [00:00<?, ?it/s]
It:   0%|          | 0/1000 [00:00<?, ?it/s]
It:   0%|          | 0/1000 [00:00<?, ?it/s]
After training:
Evaluating random sampled model...:   0%|          | 0/4 [00:00<?, ?it/s]
Eval score (train): 0.3048
Eval score (test): 0.3011
----------EXPERIMENT 3----------
Coreset size = 2
Before training:
Evaluating random sampled model...:   0%|          | 0/4 [00:00<?, ?it/s]
Eval score (train): 0.5741
Eval score (test): 0.5660
Training model on coreset...:   0%|          | 0/4 [00:00<?, ?it/s]
It:   0%|          | 0/1000 [00:00<?, ?it/s]
It:   0%|          | 0/1000 [00:00<?, ?it/s]
It:   0%|          | 0/1000 [00:00<?, ?it/s]
It:   0%|          | 0/1000 [00:00<?, ?it/s]
After training:
Evaluating random sampled model...:   0%|          | 0/4 [00:00<?, ?it/s]
Eval score (train): 0.7330
Eval score (test): 0.7352
----------EXPERIMENT 4----------
Coreset size = 2
Before training:
Evaluating random sampled model...:   0%|          | 0/4 [00:00<?, ?it/s]
Eval score (train): 0.5057
Eval score (test): 0.5136
Training model on coreset...:   0%|          | 0/4 [00:00<?, ?it/s]
It:   0%|          | 0/1000 [00:00<?, ?it/s]
It:   0%|          | 0/1000 [00:00<?, ?it/s]
It:   0%|          | 0/1000 [00:00<?, ?it/s]
It:   0%|          | 0/1000 [00:00<?, ?it/s]
After training:
Evaluating random sampled model...:   0%|          | 0/4 [00:00<?, ?it/s]
Eval score (train): 0.7321
Eval score (test): 0.7378
----------EXPERIMENT 5----------
Coreset size = 2
Before training:
Evaluating random sampled model...:   0%|          | 0/4 [00:00<?, ?it/s]
Eval score (train): 0.4661
Eval score (test): 0.4604
Training model on coreset...:   0%|          | 0/4 [00:00<?, ?it/s]
It:   0%|          | 0/1000 [00:00<?, ?it/s]
It:   0%|          | 0/1000 [00:00<?, ?it/s]
It:   0%|          | 0/1000 [00:00<?, ?it/s]
It:   0%|          | 0/1000 [00:00<?, ?it/s]
After training:
Evaluating random sampled model...:   0%|          | 0/4 [00:00<?, ?it/s]
Eval score (train): 0.4077
Eval score (test): 0.4084
----------EXPERIMENT 6----------
Coreset size = 2
Before training:
Evaluating random sampled model...:   0%|          | 0/4 [00:00<?, ?it/s]
Eval score (train): 0.5561
Eval score (test): 0.5554
Training model on coreset...:   0%|          | 0/4 [00:00<?, ?it/s]
It:   0%|          | 0/1000 [00:00<?, ?it/s]
It:   0%|          | 0/1000 [00:00<?, ?it/s]
It:   0%|          | 0/1000 [00:00<?, ?it/s]
It:   0%|          | 0/1000 [00:00<?, ?it/s]
After training:
Evaluating random sampled model...:   0%|          | 0/4 [00:00<?, ?it/s]
Eval score (train): 0.3922
Eval score (test): 0.3666
----------EXPERIMENT 7----------
Coreset size = 2
Before training:
Evaluating random sampled model...:   0%|          | 0/4 [00:00<?, ?it/s]
Eval score (train): 0.4940
Eval score (test): 0.4971
Training model on coreset...:   0%|          | 0/4 [00:00<?, ?it/s]
It:   0%|          | 0/1000 [00:00<?, ?it/s]
It:   0%|          | 0/1000 [00:00<?, ?it/s]
It:   0%|          | 0/1000 [00:00<?, ?it/s]
It:   0%|          | 0/1000 [00:00<?, ?it/s]
After training:
Evaluating random sampled model...:   0%|          | 0/4 [00:00<?, ?it/s]
Eval score (train): 0.6352
Eval score (test): 0.6221
----------EXPERIMENT 8----------
Coreset size = 2
Before training:
Evaluating random sampled model...:   0%|          | 0/4 [00:00<?, ?it/s]
Eval score (train): 0.4555
Eval score (test): 0.4448
Training model on coreset...:   0%|          | 0/4 [00:00<?, ?it/s]
It:   0%|          | 0/1000 [00:00<?, ?it/s]
It:   0%|          | 0/1000 [00:00<?, ?it/s]
It:   0%|          | 0/1000 [00:00<?, ?it/s]
It:   0%|          | 0/1000 [00:00<?, ?it/s]
After training:
Evaluating random sampled model...:   0%|          | 0/4 [00:00<?, ?it/s]
Eval score (train): 0.5634
Eval score (test): 0.5830
----------EXPERIMENT 9----------
Coreset size = 2
Before training:
Evaluating random sampled model...:   0%|          | 0/4 [00:00<?, ?it/s]
Eval score (train): 0.4713
Eval score (test): 0.4631
Training model on coreset...:   0%|          | 0/4 [00:00<?, ?it/s]
It:   0%|          | 0/1000 [00:00<?, ?it/s]
It:   0%|          | 0/1000 [00:00<?, ?it/s]
It:   0%|          | 0/1000 [00:00<?, ?it/s]
It:   0%|          | 0/1000 [00:00<?, ?it/s]
After training:
Evaluating random sampled model...:   0%|          | 0/4 [00:00<?, ?it/s]
Eval score (train): 0.7300
Eval score (test): 0.7343
All results of 10 experiment(s) saved to ./saved_data/coreset20240108-022310/scores_ihm_1spc_random.pth.
Average train score = 0.5619378655216322
Average test score = 0.5595631794265257
All data will be output to ./saved_data/coreset20240108-031757
Running on device: CUDA
Joining timeseries episodes with label...
Loading dataset to RAM...
Found unified episodes file at ./data/mimic3/ihm_preliminary/train/all_episodes.pkl, skipping individuals...
First item in the dataset: 
(tensor([[ 1.0000e+00,  0.0000e+00, -3.1726e-17,  ...,  0.0000e+00,
          0.0000e+00,  0.0000e+00],
        [ 1.0000e+00,  0.0000e+00,  6.6762e-02,  ...,  0.0000e+00,
          0.0000e+00,  0.0000e+00],
        [ 1.0000e+00,  0.0000e+00,  4.8902e-02,  ...,  2.2003e-02,
          0.0000e+00,  0.0000e+00],
        ...,
        [ 1.0000e+00,  0.0000e+00,  9.8018e-02,  ..., -8.6979e-02,
          4.1913e+00,  0.0000e+00],
        [ 1.0000e+00,  0.0000e+00,  1.2927e-01,  ..., -8.6979e-02,
          4.1913e+00,  0.0000e+00],
        [ 1.0000e+00,  0.0000e+00,  1.7646e-02,  ..., -8.6979e-02,
          4.1913e+00,  0.0000e+00]]), tensor(0))
Feature tensor shape: torch.Size([48, 42])
Joining timeseries episodes with label...
Loading dataset to RAM...
Found unified episodes file at ./data/mimic3/ihm_preliminary/test/all_episodes.pkl, skipping individuals...
First item in the dataset: 
(tensor([[ 1.0000,  0.0000,  0.0310,  ..., -0.1730, -0.8523,  0.0391],
        [ 1.0000,  0.0000,  0.0578,  ..., -0.1615, -0.8523,  0.0391],
        [ 1.0000,  0.0000,  0.0623,  ..., -0.1615, -0.8523,  0.0391],
        ...,
        [ 1.0000,  0.0000,  0.0132,  ...,  0.0335, -0.5163,  0.0521],
        [ 1.0000,  0.0000,  0.0087,  ...,  0.0335, -0.5163,  0.0521],
        [ 1.0000,  0.0000,  0.0400,  ...,  0.0335, -0.5163,  0.0521]]), tensor(0))
Feature tensor shape: torch.Size([48, 42])
Input tensor shape: torch.Size([48, 42])
----------EXPERIMENT 0----------
Coreset size = 20
Before training:
Evaluating random sampled model...:   0%|          | 0/4 [00:00<?, ?it/s]
Eval score (train): 0.5211
Eval score (test): 0.5193
Training model on coreset...:   0%|          | 0/4 [00:00<?, ?it/s]
It:   0%|          | 0/1000 [00:00<?, ?it/s]
It:   0%|          | 0/1000 [00:00<?, ?it/s]
It:   0%|          | 0/1000 [00:00<?, ?it/s]
It:   0%|          | 0/1000 [00:00<?, ?it/s]
After training:
Evaluating random sampled model...:   0%|          | 0/4 [00:00<?, ?it/s]
Eval score (train): 0.6772
Eval score (test): 0.6877
----------EXPERIMENT 1----------
Coreset size = 20
Before training:
Evaluating random sampled model...:   0%|          | 0/4 [00:00<?, ?it/s]
Eval score (train): 0.4845
Eval score (test): 0.4814
Training model on coreset...:   0%|          | 0/4 [00:00<?, ?it/s]
It:   0%|          | 0/1000 [00:00<?, ?it/s]
It:   0%|          | 0/1000 [00:00<?, ?it/s]
It:   0%|          | 0/1000 [00:00<?, ?it/s]
It:   0%|          | 0/1000 [00:00<?, ?it/s]
After training:
Evaluating random sampled model...:   0%|          | 0/4 [00:00<?, ?it/s]
Eval score (train): 0.6943
Eval score (test): 0.6964
----------EXPERIMENT 2----------
Coreset size = 20
Before training:
Evaluating random sampled model...:   0%|          | 0/4 [00:00<?, ?it/s]
Eval score (train): 0.4834
Eval score (test): 0.4795
Training model on coreset...:   0%|          | 0/4 [00:00<?, ?it/s]
It:   0%|          | 0/1000 [00:00<?, ?it/s]
It:   0%|          | 0/1000 [00:00<?, ?it/s]
It:   0%|          | 0/1000 [00:00<?, ?it/s]
It:   0%|          | 0/1000 [00:00<?, ?it/s]
After training:
Evaluating random sampled model...:   0%|          | 0/4 [00:00<?, ?it/s]
Eval score (train): 0.7495
Eval score (test): 0.7389
----------EXPERIMENT 3----------
Coreset size = 20
Before training:
Evaluating random sampled model...:   0%|          | 0/4 [00:00<?, ?it/s]
Eval score (train): 0.5663
Eval score (test): 0.5647
Training model on coreset...:   0%|          | 0/4 [00:00<?, ?it/s]
It:   0%|          | 0/1000 [00:00<?, ?it/s]
It:   0%|          | 0/1000 [00:00<?, ?it/s]
It:   0%|          | 0/1000 [00:00<?, ?it/s]
It:   0%|          | 0/1000 [00:00<?, ?it/s]
After training:
Evaluating random sampled model...:   0%|          | 0/4 [00:00<?, ?it/s]
Eval score (train): 0.6559
Eval score (test): 0.6364
----------EXPERIMENT 4----------
Coreset size = 20
Before training:
Evaluating random sampled model...:   0%|          | 0/4 [00:00<?, ?it/s]
Eval score (train): 0.5261
Eval score (test): 0.5383
Training model on coreset...:   0%|          | 0/4 [00:00<?, ?it/s]
It:   0%|          | 0/1000 [00:00<?, ?it/s]
It:   0%|          | 0/1000 [00:00<?, ?it/s]
It:   0%|          | 0/1000 [00:00<?, ?it/s]
It:   0%|          | 0/1000 [00:00<?, ?it/s]
After training:
Evaluating random sampled model...:   0%|          | 0/4 [00:00<?, ?it/s]
Eval score (train): 0.7017
Eval score (test): 0.7000
----------EXPERIMENT 5----------
Coreset size = 20
Before training:
Evaluating random sampled model...:   0%|          | 0/4 [00:00<?, ?it/s]
Eval score (train): 0.4241
Eval score (test): 0.4299
Training model on coreset...:   0%|          | 0/4 [00:00<?, ?it/s]
It:   0%|          | 0/1000 [00:00<?, ?it/s]
It:   0%|          | 0/1000 [00:00<?, ?it/s]
It:   0%|          | 0/1000 [00:00<?, ?it/s]
It:   0%|          | 0/1000 [00:00<?, ?it/s]
After training:
Evaluating random sampled model...:   0%|          | 0/4 [00:00<?, ?it/s]
Eval score (train): 0.6772
Eval score (test): 0.6643
----------EXPERIMENT 6----------
Coreset size = 20
Before training:
Evaluating random sampled model...:   0%|          | 0/4 [00:00<?, ?it/s]
Eval score (train): 0.4900
Eval score (test): 0.4825
Training model on coreset...:   0%|          | 0/4 [00:00<?, ?it/s]
It:   0%|          | 0/1000 [00:00<?, ?it/s]
It:   0%|          | 0/1000 [00:00<?, ?it/s]
It:   0%|          | 0/1000 [00:00<?, ?it/s]
It:   0%|          | 0/1000 [00:00<?, ?it/s]
After training:
Evaluating random sampled model...:   0%|          | 0/4 [00:00<?, ?it/s]
Eval score (train): 0.6656
Eval score (test): 0.6599
----------EXPERIMENT 7----------
Coreset size = 20
Before training:
Evaluating random sampled model...:   0%|          | 0/4 [00:00<?, ?it/s]
Eval score (train): 0.5134
Eval score (test): 0.5089
Training model on coreset...:   0%|          | 0/4 [00:00<?, ?it/s]
It:   0%|          | 0/1000 [00:00<?, ?it/s]
It:   0%|          | 0/1000 [00:00<?, ?it/s]
It:   0%|          | 0/1000 [00:00<?, ?it/s]
It:   0%|          | 0/1000 [00:00<?, ?it/s]
After training:
Evaluating random sampled model...:   0%|          | 0/4 [00:00<?, ?it/s]
Eval score (train): 0.6958
Eval score (test): 0.7019
----------EXPERIMENT 8----------
Coreset size = 20
Before training:
Evaluating random sampled model...:   0%|          | 0/4 [00:00<?, ?it/s]
Eval score (train): 0.5036
Eval score (test): 0.5148
Training model on coreset...:   0%|          | 0/4 [00:00<?, ?it/s]
It:   0%|          | 0/1000 [00:00<?, ?it/s]
It:   0%|          | 0/1000 [00:00<?, ?it/s]
It:   0%|          | 0/1000 [00:00<?, ?it/s]
It:   0%|          | 0/1000 [00:00<?, ?it/s]
After training:
Evaluating random sampled model...:   0%|          | 0/4 [00:00<?, ?it/s]
Eval score (train): 0.6699
Eval score (test): 0.6814
----------EXPERIMENT 9----------
Coreset size = 20
Before training:
Evaluating random sampled model...:   0%|          | 0/4 [00:00<?, ?it/s]
Eval score (train): 0.5356
Eval score (test): 0.5432
Training model on coreset...:   0%|          | 0/4 [00:00<?, ?it/s]
It:   0%|          | 0/1000 [00:00<?, ?it/s]
It:   0%|          | 0/1000 [00:00<?, ?it/s]
It:   0%|          | 0/1000 [00:00<?, ?it/s]
It:   0%|          | 0/1000 [00:00<?, ?it/s]
After training:
Evaluating random sampled model...:   0%|          | 0/4 [00:00<?, ?it/s]
Eval score (train): 0.7344
Eval score (test): 0.7496
All results of 10 experiment(s) saved to ./saved_data/coreset20240108-031757/scores_ihm_10spc_random.pth.
Average train score = 0.6921419017762591
Average test score = 0.6916466972723911
All data will be output to ./saved_data/coreset20240108-041237
Running on device: CUDA
Joining timeseries episodes with label...
Loading dataset to RAM...
Found unified episodes file at ./data/mimic3/ihm_preliminary/train/all_episodes.pkl, skipping individuals...
First item in the dataset: 
(tensor([[ 1.0000e+00,  0.0000e+00, -3.1726e-17,  ...,  0.0000e+00,
          0.0000e+00,  0.0000e+00],
        [ 1.0000e+00,  0.0000e+00,  6.6762e-02,  ...,  0.0000e+00,
          0.0000e+00,  0.0000e+00],
        [ 1.0000e+00,  0.0000e+00,  4.8902e-02,  ...,  2.2003e-02,
          0.0000e+00,  0.0000e+00],
        ...,
        [ 1.0000e+00,  0.0000e+00,  9.8018e-02,  ..., -8.6979e-02,
          4.1913e+00,  0.0000e+00],
        [ 1.0000e+00,  0.0000e+00,  1.2927e-01,  ..., -8.6979e-02,
          4.1913e+00,  0.0000e+00],
        [ 1.0000e+00,  0.0000e+00,  1.7646e-02,  ..., -8.6979e-02,
          4.1913e+00,  0.0000e+00]]), tensor(0))
Feature tensor shape: torch.Size([48, 42])
Joining timeseries episodes with label...
Loading dataset to RAM...
Found unified episodes file at ./data/mimic3/ihm_preliminary/test/all_episodes.pkl, skipping individuals...
First item in the dataset: 
(tensor([[ 1.0000,  0.0000,  0.0310,  ..., -0.1730, -0.8523,  0.0391],
        [ 1.0000,  0.0000,  0.0578,  ..., -0.1615, -0.8523,  0.0391],
        [ 1.0000,  0.0000,  0.0623,  ..., -0.1615, -0.8523,  0.0391],
        ...,
        [ 1.0000,  0.0000,  0.0132,  ...,  0.0335, -0.5163,  0.0521],
        [ 1.0000,  0.0000,  0.0087,  ...,  0.0335, -0.5163,  0.0521],
        [ 1.0000,  0.0000,  0.0400,  ...,  0.0335, -0.5163,  0.0521]]), tensor(0))
Feature tensor shape: torch.Size([48, 42])
Input tensor shape: torch.Size([48, 42])
----------EXPERIMENT 0----------
Coreset size = 200
Before training:
Evaluating random sampled model...:   0%|          | 0/4 [00:00<?, ?it/s]
Eval score (train): 0.4976
Eval score (test): 0.4935
Training model on coreset...:   0%|          | 0/4 [00:00<?, ?it/s]
It:   0%|          | 0/1000 [00:00<?, ?it/s]
It:   0%|          | 0/1000 [00:00<?, ?it/s]
It:   0%|          | 0/1000 [00:00<?, ?it/s]
It:   0%|          | 0/1000 [00:00<?, ?it/s]
After training:
Evaluating random sampled model...:   0%|          | 0/4 [00:00<?, ?it/s]
Eval score (train): 0.7337
Eval score (test): 0.7050
----------EXPERIMENT 1----------
Coreset size = 200
Before training:
Evaluating random sampled model...:   0%|          | 0/4 [00:00<?, ?it/s]
Eval score (train): 0.4309
Eval score (test): 0.4304
Training model on coreset...:   0%|          | 0/4 [00:00<?, ?it/s]
It:   0%|          | 0/1000 [00:00<?, ?it/s]
It:   0%|          | 0/1000 [00:00<?, ?it/s]
It:   0%|          | 0/1000 [00:00<?, ?it/s]
It:   0%|          | 0/1000 [00:00<?, ?it/s]
After training:
Evaluating random sampled model...:   0%|          | 0/4 [00:00<?, ?it/s]
Eval score (train): 0.7559
Eval score (test): 0.7555
----------EXPERIMENT 2----------
Coreset size = 200
Before training:
Evaluating random sampled model...:   0%|          | 0/4 [00:00<?, ?it/s]
Eval score (train): 0.4703
Eval score (test): 0.4714
Training model on coreset...:   0%|          | 0/4 [00:00<?, ?it/s]
It:   0%|          | 0/1000 [00:00<?, ?it/s]
It:   0%|          | 0/1000 [00:00<?, ?it/s]
It:   0%|          | 0/1000 [00:00<?, ?it/s]
It:   0%|          | 0/1000 [00:00<?, ?it/s]
After training:
Evaluating random sampled model...:   0%|          | 0/4 [00:00<?, ?it/s]
Eval score (train): 0.7837
Eval score (test): 0.7827
----------EXPERIMENT 3----------
Coreset size = 200
Before training:
Evaluating random sampled model...:   0%|          | 0/4 [00:00<?, ?it/s]
Eval score (train): 0.5390
Eval score (test): 0.5322
Training model on coreset...:   0%|          | 0/4 [00:00<?, ?it/s]
It:   0%|          | 0/1000 [00:00<?, ?it/s]
It:   0%|          | 0/1000 [00:00<?, ?it/s]
It:   0%|          | 0/1000 [00:00<?, ?it/s]
It:   0%|          | 0/1000 [00:00<?, ?it/s]
After training:
Evaluating random sampled model...:   0%|          | 0/4 [00:00<?, ?it/s]
Eval score (train): 0.7870
Eval score (test): 0.7823
----------EXPERIMENT 4----------
Coreset size = 200
Before training:
Evaluating random sampled model...:   0%|          | 0/4 [00:00<?, ?it/s]
Eval score (train): 0.5687
Eval score (test): 0.5675
Training model on coreset...:   0%|          | 0/4 [00:00<?, ?it/s]
It:   0%|          | 0/1000 [00:00<?, ?it/s]
It:   0%|          | 0/1000 [00:00<?, ?it/s]
It:   0%|          | 0/1000 [00:00<?, ?it/s]
It:   0%|          | 0/1000 [00:00<?, ?it/s]
After training:
Evaluating random sampled model...:   0%|          | 0/4 [00:00<?, ?it/s]
Eval score (train): 0.7580
Eval score (test): 0.7598
----------EXPERIMENT 5----------
Coreset size = 200
Before training:
Evaluating random sampled model...:   0%|          | 0/4 [00:00<?, ?it/s]
Eval score (train): 0.5062
Eval score (test): 0.5071
Training model on coreset...:   0%|          | 0/4 [00:00<?, ?it/s]
It:   0%|          | 0/1000 [00:00<?, ?it/s]
It:   0%|          | 0/1000 [00:00<?, ?it/s]
It:   0%|          | 0/1000 [00:00<?, ?it/s]
It:   0%|          | 0/1000 [00:00<?, ?it/s]
After training:
Evaluating random sampled model...:   0%|          | 0/4 [00:00<?, ?it/s]
Eval score (train): 0.7588
Eval score (test): 0.7480
----------EXPERIMENT 6----------
Coreset size = 200
Before training:
Evaluating random sampled model...:   0%|          | 0/4 [00:00<?, ?it/s]
Eval score (train): 0.4281
Eval score (test): 0.4322
Training model on coreset...:   0%|          | 0/4 [00:00<?, ?it/s]
It:   0%|          | 0/1000 [00:00<?, ?it/s]
It:   0%|          | 0/1000 [00:00<?, ?it/s]
It:   0%|          | 0/1000 [00:00<?, ?it/s]
It:   0%|          | 0/1000 [00:00<?, ?it/s]
After training:
Evaluating random sampled model...:   0%|          | 0/4 [00:00<?, ?it/s]
Eval score (train): 0.7716
Eval score (test): 0.7620
----------EXPERIMENT 7----------
Coreset size = 200
Before training:
Evaluating random sampled model...:   0%|          | 0/4 [00:00<?, ?it/s]
Eval score (train): 0.5262
Eval score (test): 0.5231
Training model on coreset...:   0%|          | 0/4 [00:00<?, ?it/s]
It:   0%|          | 0/1000 [00:00<?, ?it/s]
It:   0%|          | 0/1000 [00:00<?, ?it/s]
It:   0%|          | 0/1000 [00:00<?, ?it/s]
It:   0%|          | 0/1000 [00:00<?, ?it/s]
After training:
Evaluating random sampled model...:   0%|          | 0/4 [00:00<?, ?it/s]
Eval score (train): 0.7835
Eval score (test): 0.7523
----------EXPERIMENT 8----------
Coreset size = 200
Before training:
Evaluating random sampled model...:   0%|          | 0/4 [00:00<?, ?it/s]
Eval score (train): 0.4859
Eval score (test): 0.4791
Training model on coreset...:   0%|          | 0/4 [00:00<?, ?it/s]
It:   0%|          | 0/1000 [00:00<?, ?it/s]
It:   0%|          | 0/1000 [00:00<?, ?it/s]
It:   0%|          | 0/1000 [00:00<?, ?it/s]
It:   0%|          | 0/1000 [00:00<?, ?it/s]
After training:
Evaluating random sampled model...:   0%|          | 0/4 [00:00<?, ?it/s]
Eval score (train): 0.7585
Eval score (test): 0.7577
----------EXPERIMENT 9----------
Coreset size = 200
Before training:
Evaluating random sampled model...:   0%|          | 0/4 [00:00<?, ?it/s]
Eval score (train): 0.4933
Eval score (test): 0.4943
Training model on coreset...:   0%|          | 0/4 [00:00<?, ?it/s]
It:   0%|          | 0/1000 [00:00<?, ?it/s]
It:   0%|          | 0/1000 [00:00<?, ?it/s]
It:   0%|          | 0/1000 [00:00<?, ?it/s]
It:   0%|          | 0/1000 [00:00<?, ?it/s]
After training:
Evaluating random sampled model...:   0%|          | 0/4 [00:00<?, ?it/s]
Eval score (train): 0.7500
Eval score (test): 0.7463
All results of 10 experiment(s) saved to ./saved_data/coreset20240108-041237/scores_ihm_100spc_random.pth.
Average train score = 0.7640787621800555
Average test score = 0.755150200207775
