==========================================
SLURM_JOB_ID = 18926432
SLURM_JOB_NODELIST = b04-13
TMPDIR = /tmp/SLURM_18926432
==========================================
Restoring modules from user's default
Using device: cuda
Loading dataset from "../data/mimic3/benchmark/multitask/train/saves/20240130-023352.pkl"...
Dataset loaded. Info: {'sr': 1.0, 'one_hot': False}
Loading dataset from "../data/mimic3/benchmark/multitask/test/saves/20240130-022843.pkl"...
Dataset loaded. Info: {'sr': 1.0, 'one_hot': False}
Datasets loaded. Train set size: 35571; Test set size: 6273
Epoch 1 training...
Epoch 1 evaluating...
---------Epoch [1/100]----------
Train samples: 17902
Train loss: 0.0028
Train AUROC score: 0.7239
Eval samples: 3235
Eval loss: 0.0022
Eval AUROC score: 0.8220
Epoch 2 training...
Epoch 2 evaluating...
---------Epoch [2/100]----------
Train samples: 17902
Train loss: 0.0024
Train AUROC score: 0.8177
Eval samples: 3235
Eval loss: 0.0023
Eval AUROC score: 0.8031
Epoch 3 training...
Epoch 3 evaluating...
---------Epoch [3/100]----------
Train samples: 17902
Train loss: 0.0023
Train AUROC score: 0.8381
Eval samples: 3235
Eval loss: 0.0026
Eval AUROC score: 0.7945
Epoch 4 training...
Epoch 4 evaluating...
---------Epoch [4/100]----------
Train samples: 17902
Train loss: 0.0023
Train AUROC score: 0.8411
Eval samples: 3235
Eval loss: 0.0026
Eval AUROC score: 0.7792
Epoch 5 training...
Epoch 5 evaluating...
---------Epoch [5/100]----------
Train samples: 17902
Train loss: 0.0023
Train AUROC score: 0.8455
Eval samples: 3235
Eval loss: 0.0028
Eval AUROC score: 0.7913
Epoch 6 training...
Epoch 6 evaluating...
---------Epoch [6/100]----------
Train samples: 17902
Train loss: 0.0023
Train AUROC score: 0.8475
Eval samples: 3235
Eval loss: 0.0030
Eval AUROC score: 0.7949
Epoch 7 training...
Epoch 7 evaluating...
---------Epoch [7/100]----------
Train samples: 17902
Train loss: 0.0022
Train AUROC score: 0.8527
Eval samples: 3235
Eval loss: 0.0032
Eval AUROC score: 0.7864
Epoch 8 training...
Epoch 8 evaluating...
---------Epoch [8/100]----------
Train samples: 17902
Train loss: 0.0022
Train AUROC score: 0.8529
Eval samples: 3235
Eval loss: 0.0030
Eval AUROC score: 0.7833
Epoch 9 training...
Epoch 9 evaluating...
---------Epoch [9/100]----------
Train samples: 17902
Train loss: 0.0022
Train AUROC score: 0.8569
Eval samples: 3235
Eval loss: 0.0037
Eval AUROC score: 0.7585
Epoch 10 training...
Epoch 10 evaluating...
---------Epoch [10/100]----------
Train samples: 17902
Train loss: 0.0023
Train AUROC score: 0.8489
Eval samples: 3235
Eval loss: 0.0030
Eval AUROC score: 0.7849
Epoch 11 training...
Epoch 11 evaluating...
---------Epoch [11/100]----------
Train samples: 17902
Train loss: 0.0022
Train AUROC score: 0.8603
Eval samples: 3235
Eval loss: 0.0028
Eval AUROC score: 0.7842
Epoch 12 training...
Epoch 12 evaluating...
---------Epoch [12/100]----------
Train samples: 17902
Train loss: 0.0022
Train AUROC score: 0.8608
Eval samples: 3235
Eval loss: 0.0036
Eval AUROC score: 0.7465
Epoch 13 training...
Epoch 13 evaluating...
---------Epoch [13/100]----------
Train samples: 17902
Train loss: 0.0022
Train AUROC score: 0.8628
Eval samples: 3235
Eval loss: 0.0034
Eval AUROC score: 0.7589
Epoch 14 training...
Epoch 14 evaluating...
---------Epoch [14/100]----------
Train samples: 17902
Train loss: 0.0021
Train AUROC score: 0.8709
Eval samples: 3235
Eval loss: 0.0035
Eval AUROC score: 0.7579
Epoch 15 training...
Epoch 15 evaluating...
---------Epoch [15/100]----------
Train samples: 17902
Train loss: 0.0021
Train AUROC score: 0.8689
Eval samples: 3235
Eval loss: 0.0039
Eval AUROC score: 0.7633
Epoch 16 training...
Epoch 16 evaluating...
---------Epoch [16/100]----------
Train samples: 17902
Train loss: 0.0021
Train AUROC score: 0.8699
Eval samples: 3235
Eval loss: 0.0034
Eval AUROC score: 0.7596
Epoch 17 training...
Epoch 17 evaluating...
---------Epoch [17/100]----------
Train samples: 17902
Train loss: 0.0021
Train AUROC score: 0.8719
Eval samples: 3235
Eval loss: 0.0034
Eval AUROC score: 0.7631
Epoch 18 training...
Epoch 18 evaluating...
---------Epoch [18/100]----------
Train samples: 17902
Train loss: 0.0021
Train AUROC score: 0.8749
Eval samples: 3235
Eval loss: 0.0039
Eval AUROC score: 0.7504
Epoch 19 training...
Epoch 19 evaluating...
---------Epoch [19/100]----------
Train samples: 17902
Train loss: 0.0021
Train AUROC score: 0.8803
Eval samples: 3235
Eval loss: 0.0053
Eval AUROC score: 0.7473
Epoch 20 training...
Epoch 20 evaluating...
---------Epoch [20/100]----------
Train samples: 17902
Train loss: 0.0020
Train AUROC score: 0.8814
Eval samples: 3235
Eval loss: 0.0039
Eval AUROC score: 0.7378
Epoch 21 training...
Epoch 21 evaluating...
---------Epoch [21/100]----------
Train samples: 17902
Train loss: 0.0020
Train AUROC score: 0.8823
Eval samples: 3235
Eval loss: 0.0037
Eval AUROC score: 0.7598
Epoch 22 training...
Epoch 22 evaluating...
---------Epoch [22/100]----------
Train samples: 17902
Train loss: 0.0020
Train AUROC score: 0.8855
Eval samples: 3235
Eval loss: 0.0041
Eval AUROC score: 0.7522
Epoch 23 training...
Epoch 23 evaluating...
---------Epoch [23/100]----------
Train samples: 17902
Train loss: 0.0020
Train AUROC score: 0.8899
Eval samples: 3235
Eval loss: 0.0041
Eval AUROC score: 0.7554
Epoch 24 training...
Epoch 24 evaluating...
---------Epoch [24/100]----------
Train samples: 17902
Train loss: 0.0020
Train AUROC score: 0.8893
Eval samples: 3235
Eval loss: 0.0046
Eval AUROC score: 0.7406
Epoch 25 training...
Epoch 25 evaluating...
---------Epoch [25/100]----------
Train samples: 17902
Train loss: 0.0020
Train AUROC score: 0.8895
Eval samples: 3235
Eval loss: 0.0036
Eval AUROC score: 0.7361
Epoch 26 training...
Epoch 26 evaluating...
---------Epoch [26/100]----------
Train samples: 17902
Train loss: 0.0019
Train AUROC score: 0.8982
Eval samples: 3235
Eval loss: 0.0045
Eval AUROC score: 0.7379
Epoch 27 training...
Epoch 27 evaluating...
---------Epoch [27/100]----------
Train samples: 17902
Train loss: 0.0019
Train AUROC score: 0.8972
Eval samples: 3235
Eval loss: 0.0046
Eval AUROC score: 0.7440
Epoch 28 training...
Epoch 28 evaluating...
---------Epoch [28/100]----------
Train samples: 17902
Train loss: 0.0019
Train AUROC score: 0.9014
Eval samples: 3235
Eval loss: 0.0050
Eval AUROC score: 0.7295
Epoch 29 training...
Epoch 29 evaluating...
---------Epoch [29/100]----------
Train samples: 17902
Train loss: 0.0019
Train AUROC score: 0.9017
Eval samples: 3235
Eval loss: 0.0043
Eval AUROC score: 0.7288
Epoch 30 training...
Epoch 30 evaluating...
---------Epoch [30/100]----------
Train samples: 17902
Train loss: 0.0018
Train AUROC score: 0.9094
Eval samples: 3235
Eval loss: 0.0046
Eval AUROC score: 0.7341
Epoch 31 training...
Epoch 31 evaluating...
---------Epoch [31/100]----------
Train samples: 17902
Train loss: 0.0018
Train AUROC score: 0.9138
Eval samples: 3235
Eval loss: 0.0057
Eval AUROC score: 0.7005
Epoch 32 training...
Epoch 32 evaluating...
---------Epoch [32/100]----------
Train samples: 17902
Train loss: 0.0018
Train AUROC score: 0.9159
Eval samples: 3235
Eval loss: 0.0053
Eval AUROC score: 0.7292
Epoch 33 training...
Epoch 33 evaluating...
---------Epoch [33/100]----------
Train samples: 17902
Train loss: 0.0017
Train AUROC score: 0.9198
Eval samples: 3235
Eval loss: 0.0053
Eval AUROC score: 0.7143
Epoch 34 training...
Epoch 34 evaluating...
---------Epoch [34/100]----------
Train samples: 17902
Train loss: 0.0017
Train AUROC score: 0.9211
Eval samples: 3235
Eval loss: 0.0050
Eval AUROC score: 0.7308
Epoch 35 training...
Epoch 35 evaluating...
---------Epoch [35/100]----------
Train samples: 17902
Train loss: 0.0017
Train AUROC score: 0.9244
Eval samples: 3235
Eval loss: 0.0053
Eval AUROC score: 0.7358
Epoch 36 training...
Epoch 36 evaluating...
---------Epoch [36/100]----------
Train samples: 17902
Train loss: 0.0017
Train AUROC score: 0.9260
Eval samples: 3235
Eval loss: 0.0053
Eval AUROC score: 0.7121
Epoch 37 training...
Epoch 37 evaluating...
---------Epoch [37/100]----------
Train samples: 17902
Train loss: 0.0016
Train AUROC score: 0.9295
Eval samples: 3235
Eval loss: 0.0055
Eval AUROC score: 0.7204
Epoch 38 training...
Epoch 38 evaluating...
---------Epoch [38/100]----------
Train samples: 17902
Train loss: 0.0016
Train AUROC score: 0.9331
Eval samples: 3235
Eval loss: 0.0060
Eval AUROC score: 0.7168
Epoch 39 training...
Epoch 39 evaluating...
---------Epoch [39/100]----------
Train samples: 17902
Train loss: 0.0015
Train AUROC score: 0.9395
Eval samples: 3235
Eval loss: 0.0058
Eval AUROC score: 0.7138
Epoch 40 training...
Epoch 40 evaluating...
---------Epoch [40/100]----------
Train samples: 17902
Train loss: 0.0015
Train AUROC score: 0.9379
Eval samples: 3235
Eval loss: 0.0060
Eval AUROC score: 0.7259
Epoch 41 training...
Epoch 41 evaluating...
---------Epoch [41/100]----------
Train samples: 17902
Train loss: 0.0015
Train AUROC score: 0.9410
Eval samples: 3235
Eval loss: 0.0053
Eval AUROC score: 0.7152
Epoch 42 training...
Epoch 42 evaluating...
---------Epoch [42/100]----------
Train samples: 17902
Train loss: 0.0014
Train AUROC score: 0.9433
Eval samples: 3235
Eval loss: 0.0058
Eval AUROC score: 0.7117
Epoch 43 training...
Epoch 43 evaluating...
---------Epoch [43/100]----------
Train samples: 17902
Train loss: 0.0014
Train AUROC score: 0.9482
Eval samples: 3235
Eval loss: 0.0061
Eval AUROC score: 0.7207
Epoch 44 training...
Epoch 44 evaluating...
---------Epoch [44/100]----------
Train samples: 17902
Train loss: 0.0013
Train AUROC score: 0.9521
Eval samples: 3235
Eval loss: 0.0070
Eval AUROC score: 0.7272
Epoch 45 training...
Epoch 45 evaluating...
---------Epoch [45/100]----------
Train samples: 17902
Train loss: 0.0013
Train AUROC score: 0.9493
Eval samples: 3235
Eval loss: 0.0074
Eval AUROC score: 0.7048
Epoch 46 training...
Epoch 46 evaluating...
---------Epoch [46/100]----------
Train samples: 17902
Train loss: 0.0013
Train AUROC score: 0.9547
Eval samples: 3235
Eval loss: 0.0070
Eval AUROC score: 0.7231
Epoch 47 training...
Epoch 47 evaluating...
---------Epoch [47/100]----------
Train samples: 17902
Train loss: 0.0012
Train AUROC score: 0.9593
Eval samples: 3235
Eval loss: 0.0061
Eval AUROC score: 0.7211
Epoch 48 training...
Epoch 48 evaluating...
---------Epoch [48/100]----------
Train samples: 17902
Train loss: 0.0012
Train AUROC score: 0.9614
Eval samples: 3235
Eval loss: 0.0065
Eval AUROC score: 0.7153
Epoch 49 training...
Epoch 49 evaluating...
---------Epoch [49/100]----------
Train samples: 17902
Train loss: 0.0012
Train AUROC score: 0.9616
Eval samples: 3235
Eval loss: 0.0069
Eval AUROC score: 0.7169
Epoch 50 training...
Epoch 50 evaluating...
---------Epoch [50/100]----------
Train samples: 17902
Train loss: 0.0011
Train AUROC score: 0.9658
Eval samples: 3235
Eval loss: 0.0079
Eval AUROC score: 0.7093
Epoch 51 training...
Epoch 51 evaluating...
---------Epoch [51/100]----------
Train samples: 17902
Train loss: 0.0011
Train AUROC score: 0.9705
Eval samples: 3235
Eval loss: 0.0059
Eval AUROC score: 0.7184
Epoch 52 training...
Epoch 52 evaluating...
---------Epoch [52/100]----------
Train samples: 17902
Train loss: 0.0010
Train AUROC score: 0.9717
Eval samples: 3235
Eval loss: 0.0059
Eval AUROC score: 0.7060
Epoch 53 training...
Epoch 53 evaluating...
---------Epoch [53/100]----------
Train samples: 17902
Train loss: 0.0010
Train AUROC score: 0.9730
Eval samples: 3235
Eval loss: 0.0073
Eval AUROC score: 0.7104
Epoch 54 training...
Epoch 54 evaluating...
---------Epoch [54/100]----------
Train samples: 17902
Train loss: 0.0010
Train AUROC score: 0.9741
Eval samples: 3235
Eval loss: 0.0077
Eval AUROC score: 0.6947
Epoch 55 training...
Epoch 55 evaluating...
---------Epoch [55/100]----------
Train samples: 17902
Train loss: 0.0009
Train AUROC score: 0.9749
Eval samples: 3235
Eval loss: 0.0072
Eval AUROC score: 0.7005
Epoch 56 training...
Epoch 56 evaluating...
---------Epoch [56/100]----------
Train samples: 17902
Train loss: 0.0009
Train AUROC score: 0.9791
Eval samples: 3235
Eval loss: 0.0079
Eval AUROC score: 0.7058
Epoch 57 training...
Epoch 57 evaluating...
---------Epoch [57/100]----------
Train samples: 17902
Train loss: 0.0009
Train AUROC score: 0.9785
Eval samples: 3235
Eval loss: 0.0088
Eval AUROC score: 0.7016
Epoch 58 training...
Epoch 58 evaluating...
---------Epoch [58/100]----------
Train samples: 17902
Train loss: 0.0008
Train AUROC score: 0.9811
Eval samples: 3235
Eval loss: 0.0068
Eval AUROC score: 0.7259
Epoch 59 training...
Epoch 59 evaluating...
---------Epoch [59/100]----------
Train samples: 17902
Train loss: 0.0008
Train AUROC score: 0.9823
Eval samples: 3235
Eval loss: 0.0068
Eval AUROC score: 0.7343
Epoch 60 training...
Epoch 60 evaluating...
---------Epoch [60/100]----------
Train samples: 17902
Train loss: 0.0008
Train AUROC score: 0.9810
Eval samples: 3235
Eval loss: 0.0083
Eval AUROC score: 0.7295
Epoch 61 training...
Epoch 61 evaluating...
---------Epoch [61/100]----------
Train samples: 17902
Train loss: 0.0008
Train AUROC score: 0.9831
Eval samples: 3235
Eval loss: 0.0076
Eval AUROC score: 0.7259
Epoch 62 training...
Epoch 62 evaluating...
---------Epoch [62/100]----------
Train samples: 17902
Train loss: 0.0007
Train AUROC score: 0.9854
Eval samples: 3235
Eval loss: 0.0081
Eval AUROC score: 0.7257
Epoch 63 training...
Epoch 63 evaluating...
---------Epoch [63/100]----------
Train samples: 17902
Train loss: 0.0007
Train AUROC score: 0.9842
Eval samples: 3235
Eval loss: 0.0082
Eval AUROC score: 0.7152
Epoch 64 training...
Epoch 64 evaluating...
---------Epoch [64/100]----------
Train samples: 17902
Train loss: 0.0007
Train AUROC score: 0.9854
Eval samples: 3235
Eval loss: 0.0079
Eval AUROC score: 0.7111
Epoch 65 training...
Epoch 65 evaluating...
---------Epoch [65/100]----------
Train samples: 17902
Train loss: 0.0007
Train AUROC score: 0.9857
Eval samples: 3235
Eval loss: 0.0084
Eval AUROC score: 0.7206
Epoch 66 training...
Epoch 66 evaluating...
---------Epoch [66/100]----------
Train samples: 17902
Train loss: 0.0006
Train AUROC score: 0.9893
Eval samples: 3235
Eval loss: 0.0093
Eval AUROC score: 0.6932
Epoch 67 training...
Epoch 67 evaluating...
---------Epoch [67/100]----------
Train samples: 17902
Train loss: 0.0006
Train AUROC score: 0.9883
Eval samples: 3235
Eval loss: 0.0083
Eval AUROC score: 0.6820
Epoch 68 training...
Epoch 68 evaluating...
---------Epoch [68/100]----------
Train samples: 17902
Train loss: 0.0006
Train AUROC score: 0.9891
Eval samples: 3235
Eval loss: 0.0095
Eval AUROC score: 0.7046
Epoch 69 training...
Epoch 69 evaluating...
---------Epoch [69/100]----------
Train samples: 17902
Train loss: 0.0006
Train AUROC score: 0.9896
Eval samples: 3235
Eval loss: 0.0088
Eval AUROC score: 0.7154
Epoch 70 training...
Epoch 70 evaluating...
---------Epoch [70/100]----------
Train samples: 17902
Train loss: 0.0006
Train AUROC score: 0.9909
Eval samples: 3235
Eval loss: 0.0083
Eval AUROC score: 0.7106
Epoch 71 training...
Epoch 71 evaluating...
---------Epoch [71/100]----------
Train samples: 17902
Train loss: 0.0005
Train AUROC score: 0.9918
Eval samples: 3235
Eval loss: 0.0084
Eval AUROC score: 0.7190
Epoch 72 training...
Epoch 72 evaluating...
---------Epoch [72/100]----------
Train samples: 17902
Train loss: 0.0005
Train AUROC score: 0.9927
Eval samples: 3235
Eval loss: 0.0089
Eval AUROC score: 0.7078
Epoch 73 training...
Epoch 73 evaluating...
---------Epoch [73/100]----------
Train samples: 17902
Train loss: 0.0005
Train AUROC score: 0.9917
Eval samples: 3235
Eval loss: 0.0097
Eval AUROC score: 0.6974
Epoch 74 training...
Epoch 74 evaluating...
---------Epoch [74/100]----------
Train samples: 17902
Train loss: 0.0005
Train AUROC score: 0.9935
Eval samples: 3235
Eval loss: 0.0076
Eval AUROC score: 0.7035
Epoch 75 training...
Epoch 75 evaluating...
---------Epoch [75/100]----------
Train samples: 17902
Train loss: 0.0005
Train AUROC score: 0.9938
Eval samples: 3235
Eval loss: 0.0094
Eval AUROC score: 0.7142
Epoch 76 training...
Epoch 76 evaluating...
---------Epoch [76/100]----------
Train samples: 17902
Train loss: 0.0005
Train AUROC score: 0.9931
Eval samples: 3235
Eval loss: 0.0088
Eval AUROC score: 0.7162
Epoch 77 training...
Epoch 77 evaluating...
---------Epoch [77/100]----------
Train samples: 17902
Train loss: 0.0004
Train AUROC score: 0.9940
Eval samples: 3235
Eval loss: 0.0079
Eval AUROC score: 0.7196
Epoch 78 training...
Epoch 78 evaluating...
---------Epoch [78/100]----------
Train samples: 17902
Train loss: 0.0005
Train AUROC score: 0.9932
Eval samples: 3235
Eval loss: 0.0092
Eval AUROC score: 0.7107
Epoch 79 training...
Epoch 79 evaluating...
---------Epoch [79/100]----------
Train samples: 17902
Train loss: 0.0004
Train AUROC score: 0.9947
Eval samples: 3235
Eval loss: 0.0090
Eval AUROC score: 0.7036
Epoch 80 training...
Epoch 80 evaluating...
---------Epoch [80/100]----------
Train samples: 17902
Train loss: 0.0004
Train AUROC score: 0.9950
Eval samples: 3235
Eval loss: 0.0101
Eval AUROC score: 0.7167
Epoch 81 training...
Epoch 81 evaluating...
---------Epoch [81/100]----------
Train samples: 17902
Train loss: 0.0004
Train AUROC score: 0.9947
Eval samples: 3235
Eval loss: 0.0108
Eval AUROC score: 0.7056
Epoch 82 training...
Epoch 82 evaluating...
---------Epoch [82/100]----------
Train samples: 17902
Train loss: 0.0004
Train AUROC score: 0.9954
Eval samples: 3235
Eval loss: 0.0087
Eval AUROC score: 0.7153
Epoch 83 training...
Epoch 83 evaluating...
---------Epoch [83/100]----------
Train samples: 17902
Train loss: 0.0004
Train AUROC score: 0.9946
Eval samples: 3235
Eval loss: 0.0103
Eval AUROC score: 0.7203
Epoch 84 training...
Epoch 84 evaluating...
---------Epoch [84/100]----------
Train samples: 17902
Train loss: 0.0004
Train AUROC score: 0.9955
Eval samples: 3235
Eval loss: 0.0111
Eval AUROC score: 0.7156
Epoch 85 training...
Epoch 85 evaluating...
---------Epoch [85/100]----------
Train samples: 17902
Train loss: 0.0004
Train AUROC score: 0.9966
Eval samples: 3235
Eval loss: 0.0125
Eval AUROC score: 0.7154
Epoch 86 training...
Epoch 86 evaluating...
---------Epoch [86/100]----------
Train samples: 17902
Train loss: 0.0004
Train AUROC score: 0.9959
Eval samples: 3235
Eval loss: 0.0095
Eval AUROC score: 0.7068
Epoch 87 training...
Epoch 87 evaluating...
---------Epoch [87/100]----------
Train samples: 17902
Train loss: 0.0004
Train AUROC score: 0.9958
Eval samples: 3235
Eval loss: 0.0092
Eval AUROC score: 0.7279
Epoch 88 training...
Epoch 88 evaluating...
---------Epoch [88/100]----------
Train samples: 17902
Train loss: 0.0003
Train AUROC score: 0.9961
Eval samples: 3235
Eval loss: 0.0095
Eval AUROC score: 0.7071
Epoch 89 training...
Epoch 89 evaluating...
---------Epoch [89/100]----------
Train samples: 17902
Train loss: 0.0003
Train AUROC score: 0.9969
Eval samples: 3235
Eval loss: 0.0085
Eval AUROC score: 0.7156
Epoch 90 training...
Epoch 90 evaluating...
---------Epoch [90/100]----------
Train samples: 17902
Train loss: 0.0003
Train AUROC score: 0.9964
Eval samples: 3235
Eval loss: 0.0113
Eval AUROC score: 0.7237
Epoch 91 training...
Epoch 91 evaluating...
---------Epoch [91/100]----------
Train samples: 17902
Train loss: 0.0004
Train AUROC score: 0.9962
Eval samples: 3235
Eval loss: 0.0093
Eval AUROC score: 0.7300
Epoch 92 training...
Epoch 92 evaluating...
---------Epoch [92/100]----------
Train samples: 17902
Train loss: 0.0003
Train AUROC score: 0.9975
Eval samples: 3235
Eval loss: 0.0109
Eval AUROC score: 0.7137
Epoch 93 training...
Epoch 93 evaluating...
---------Epoch [93/100]----------
Train samples: 17902
Train loss: 0.0004
Train AUROC score: 0.9959
Eval samples: 3235
Eval loss: 0.0109
Eval AUROC score: 0.7058
Epoch 94 training...
Epoch 94 evaluating...
---------Epoch [94/100]----------
Train samples: 17902
Train loss: 0.0003
Train AUROC score: 0.9976
Eval samples: 3235
Eval loss: 0.0121
Eval AUROC score: 0.7161
Epoch 95 training...
Epoch 95 evaluating...
---------Epoch [95/100]----------
Train samples: 17902
Train loss: 0.0003
Train AUROC score: 0.9967
Eval samples: 3235
Eval loss: 0.0109
Eval AUROC score: 0.7159
Epoch 96 training...
Epoch 96 evaluating...
---------Epoch [96/100]----------
Train samples: 17902
Train loss: 0.0003
Train AUROC score: 0.9978
Eval samples: 3235
Eval loss: 0.0106
Eval AUROC score: 0.7312
Epoch 97 training...
Epoch 97 evaluating...
---------Epoch [97/100]----------
Train samples: 17902
Train loss: 0.0003
Train AUROC score: 0.9972
Eval samples: 3235
Eval loss: 0.0100
Eval AUROC score: 0.7116
Epoch 98 training...
Epoch 98 evaluating...
---------Epoch [98/100]----------
Train samples: 17902
Train loss: 0.0003
Train AUROC score: 0.9980
Eval samples: 3235
Eval loss: 0.0124
Eval AUROC score: 0.7127
Epoch 99 training...
Epoch 99 evaluating...
---------Epoch [99/100]----------
Train samples: 17902
Train loss: 0.0003
Train AUROC score: 0.9976
Eval samples: 3235
Eval loss: 0.0109
Eval AUROC score: 0.7208
Epoch 100 training...
Epoch 100 evaluating...
---------Epoch [100/100]----------
Train samples: 17902
Train loss: 0.0003
Train AUROC score: 0.9969
Eval samples: 3235
Eval loss: 0.0138
Eval AUROC score: 0.7283
Training done, all data saved to "../saved_data/20240131-044628".
