==========================================
SLURM_JOB_ID = 19134511
SLURM_JOB_NODELIST = b01-20
TMPDIR = /tmp/SLURM_19134511
==========================================
Restoring modules from user's default
Using device: cuda
Loading dataset from "../data/mimic3/benchmark/multitask/train/saves/20240207-003942.pkl"...
Dataset loaded. Info: {'sr': 1.0, 'one_hot': False}
Loading dataset from "../data/mimic3/benchmark/multitask/test/saves/20240207-004013.pkl"...
Dataset loaded. Info: {'sr': 1.0, 'one_hot': False}
Datasets loaded. Train set size: 35571; Test set size: 6273
Epoch 1 training...
Epoch 1 evaluating...
---------Epoch [1/100]----------
Train samples: 17902
Train loss: 0.0027
Train AUROC score: 0.7445
Eval samples: 3235
Eval loss: 0.0022
Eval AUROC score: 0.8245
Epoch 2 training...
Epoch 2 evaluating...
---------Epoch [2/100]----------
Train samples: 17902
Train loss: 0.0024
Train AUROC score: 0.8181
Eval samples: 3235
Eval loss: 0.0022
Eval AUROC score: 0.8333
Epoch 3 training...
Epoch 3 evaluating...
---------Epoch [3/100]----------
Train samples: 17902
Train loss: 0.0024
Train AUROC score: 0.8296
Eval samples: 3235
Eval loss: 0.0021
Eval AUROC score: 0.8416
Epoch 4 training...
Epoch 4 evaluating...
---------Epoch [4/100]----------
Train samples: 17902
Train loss: 0.0024
Train AUROC score: 0.8340
Eval samples: 3235
Eval loss: 0.0021
Eval AUROC score: 0.8472
Epoch 5 training...
Epoch 5 evaluating...
---------Epoch [5/100]----------
Train samples: 17902
Train loss: 0.0023
Train AUROC score: 0.8380
Eval samples: 3235
Eval loss: 0.0021
Eval AUROC score: 0.8463
Epoch 6 training...
Epoch 6 evaluating...
---------Epoch [6/100]----------
Train samples: 17902
Train loss: 0.0023
Train AUROC score: 0.8407
Eval samples: 3235
Eval loss: 0.0020
Eval AUROC score: 0.8488
Epoch 7 training...
Epoch 7 evaluating...
---------Epoch [7/100]----------
Train samples: 17902
Train loss: 0.0023
Train AUROC score: 0.8411
Eval samples: 3235
Eval loss: 0.0021
Eval AUROC score: 0.8465
Epoch 8 training...
Epoch 8 evaluating...
---------Epoch [8/100]----------
Train samples: 17902
Train loss: 0.0023
Train AUROC score: 0.8417
Eval samples: 3235
Eval loss: 0.0021
Eval AUROC score: 0.8496
Epoch 9 training...
Epoch 9 evaluating...
---------Epoch [9/100]----------
Train samples: 17902
Train loss: 0.0023
Train AUROC score: 0.8460
Eval samples: 3235
Eval loss: 0.0022
Eval AUROC score: 0.8445
Epoch 10 training...
Epoch 10 evaluating...
---------Epoch [10/100]----------
Train samples: 17902
Train loss: 0.0023
Train AUROC score: 0.8483
Eval samples: 3235
Eval loss: 0.0021
Eval AUROC score: 0.8524
Epoch 11 training...
Epoch 11 evaluating...
---------Epoch [11/100]----------
Train samples: 17902
Train loss: 0.0023
Train AUROC score: 0.8453
Eval samples: 3235
Eval loss: 0.0021
Eval AUROC score: 0.8502
Epoch 12 training...
Epoch 12 evaluating...
---------Epoch [12/100]----------
Train samples: 17902
Train loss: 0.0023
Train AUROC score: 0.8461
Eval samples: 3235
Eval loss: 0.0021
Eval AUROC score: 0.8507
Epoch 13 training...
Epoch 13 evaluating...
---------Epoch [13/100]----------
Train samples: 17902
Train loss: 0.0023
Train AUROC score: 0.8512
Eval samples: 3235
Eval loss: 0.0021
Eval AUROC score: 0.8522
Epoch 14 training...
Epoch 14 evaluating...
---------Epoch [14/100]----------
Train samples: 17902
Train loss: 0.0023
Train AUROC score: 0.8514
Eval samples: 3235
Eval loss: 0.0021
Eval AUROC score: 0.8470
Epoch 15 training...
Epoch 15 evaluating...
---------Epoch [15/100]----------
Train samples: 17902
Train loss: 0.0023
Train AUROC score: 0.8490
Eval samples: 3235
Eval loss: 0.0020
Eval AUROC score: 0.8522
Epoch 16 training...
Epoch 16 evaluating...
---------Epoch [16/100]----------
Train samples: 17902
Train loss: 0.0022
Train AUROC score: 0.8522
Eval samples: 3235
Eval loss: 0.0021
Eval AUROC score: 0.8541
Epoch 17 training...
Epoch 17 evaluating...
---------Epoch [17/100]----------
Train samples: 17902
Train loss: 0.0022
Train AUROC score: 0.8529
Eval samples: 3235
Eval loss: 0.0021
Eval AUROC score: 0.8528
Epoch 18 training...
Epoch 18 evaluating...
---------Epoch [18/100]----------
Train samples: 17902
Train loss: 0.0022
Train AUROC score: 0.8520
Eval samples: 3235
Eval loss: 0.0020
Eval AUROC score: 0.8554
Epoch 19 training...
Epoch 19 evaluating...
---------Epoch [19/100]----------
Train samples: 17902
Train loss: 0.0022
Train AUROC score: 0.8545
Eval samples: 3235
Eval loss: 0.0021
Eval AUROC score: 0.8554
Epoch 20 training...
Epoch 20 evaluating...
---------Epoch [20/100]----------
Train samples: 17902
Train loss: 0.0022
Train AUROC score: 0.8542
Eval samples: 3235
Eval loss: 0.0020
Eval AUROC score: 0.8554
Epoch 21 training...
Epoch 21 evaluating...
---------Epoch [21/100]----------
Train samples: 17902
Train loss: 0.0022
Train AUROC score: 0.8560
Eval samples: 3235
Eval loss: 0.0020
Eval AUROC score: 0.8541
Epoch 22 training...
Epoch 22 evaluating...
---------Epoch [22/100]----------
Train samples: 17902
Train loss: 0.0022
Train AUROC score: 0.8566
Eval samples: 3235
Eval loss: 0.0020
Eval AUROC score: 0.8533
Epoch 23 training...
Epoch 23 evaluating...
---------Epoch [23/100]----------
Train samples: 17902
Train loss: 0.0022
Train AUROC score: 0.8551
Eval samples: 3235
Eval loss: 0.0021
Eval AUROC score: 0.8528
Epoch 24 training...
Epoch 24 evaluating...
---------Epoch [24/100]----------
Train samples: 17902
Train loss: 0.0022
Train AUROC score: 0.8558
Eval samples: 3235
Eval loss: 0.0021
Eval AUROC score: 0.8532
Epoch 25 training...
Epoch 25 evaluating...
---------Epoch [25/100]----------
Train samples: 17902
Train loss: 0.0022
Train AUROC score: 0.8567
Eval samples: 3235
Eval loss: 0.0020
Eval AUROC score: 0.8567
Epoch 26 training...
Epoch 26 evaluating...
---------Epoch [26/100]----------
Train samples: 17902
Train loss: 0.0022
Train AUROC score: 0.8580
Eval samples: 3235
Eval loss: 0.0020
Eval AUROC score: 0.8556
Epoch 27 training...
Epoch 27 evaluating...
---------Epoch [27/100]----------
Train samples: 17902
Train loss: 0.0022
Train AUROC score: 0.8565
Eval samples: 3235
Eval loss: 0.0020
Eval AUROC score: 0.8566
Epoch 28 training...
Epoch 28 evaluating...
---------Epoch [28/100]----------
Train samples: 17902
Train loss: 0.0022
Train AUROC score: 0.8595
Eval samples: 3235
Eval loss: 0.0020
Eval AUROC score: 0.8571
Epoch 29 training...
Epoch 29 evaluating...
---------Epoch [29/100]----------
Train samples: 17902
Train loss: 0.0022
Train AUROC score: 0.8596
Eval samples: 3235
Eval loss: 0.0020
Eval AUROC score: 0.8518
Epoch 30 training...
Epoch 30 evaluating...
---------Epoch [30/100]----------
Train samples: 17902
Train loss: 0.0022
Train AUROC score: 0.8617
Eval samples: 3235
Eval loss: 0.0021
Eval AUROC score: 0.8513
Epoch 31 training...
Epoch 31 evaluating...
---------Epoch [31/100]----------
Train samples: 17902
Train loss: 0.0022
Train AUROC score: 0.8587
Eval samples: 3235
Eval loss: 0.0020
Eval AUROC score: 0.8563
Epoch 32 training...
Epoch 32 evaluating...
---------Epoch [32/100]----------
Train samples: 17902
Train loss: 0.0022
Train AUROC score: 0.8600
Eval samples: 3235
Eval loss: 0.0020
Eval AUROC score: 0.8555
Epoch 33 training...
Epoch 33 evaluating...
---------Epoch [33/100]----------
Train samples: 17902
Train loss: 0.0022
Train AUROC score: 0.8608
Eval samples: 3235
Eval loss: 0.0020
Eval AUROC score: 0.8574
Epoch 34 training...
Epoch 34 evaluating...
---------Epoch [34/100]----------
Train samples: 17902
Train loss: 0.0022
Train AUROC score: 0.8608
Eval samples: 3235
Eval loss: 0.0020
Eval AUROC score: 0.8582
Epoch 35 training...
Epoch 35 evaluating...
---------Epoch [35/100]----------
Train samples: 17902
Train loss: 0.0022
Train AUROC score: 0.8589
Eval samples: 3235
Eval loss: 0.0020
Eval AUROC score: 0.8557
Epoch 36 training...
Epoch 36 evaluating...
---------Epoch [36/100]----------
Train samples: 17902
Train loss: 0.0022
Train AUROC score: 0.8603
Eval samples: 3235
Eval loss: 0.0020
Eval AUROC score: 0.8588
Epoch 37 training...
Epoch 37 evaluating...
---------Epoch [37/100]----------
Train samples: 17902
Train loss: 0.0022
Train AUROC score: 0.8603
Eval samples: 3235
Eval loss: 0.0020
Eval AUROC score: 0.8573
Epoch 38 training...
Epoch 38 evaluating...
---------Epoch [38/100]----------
Train samples: 17902
Train loss: 0.0022
Train AUROC score: 0.8608
Eval samples: 3235
Eval loss: 0.0020
Eval AUROC score: 0.8549
Epoch 39 training...
Epoch 39 evaluating...
---------Epoch [39/100]----------
Train samples: 17902
Train loss: 0.0022
Train AUROC score: 0.8611
Eval samples: 3235
Eval loss: 0.0020
Eval AUROC score: 0.8570
Epoch 40 training...
Epoch 40 evaluating...
---------Epoch [40/100]----------
Train samples: 17902
Train loss: 0.0022
Train AUROC score: 0.8605
Eval samples: 3235
Eval loss: 0.0020
Eval AUROC score: 0.8554
Epoch 41 training...
Epoch 41 evaluating...
---------Epoch [41/100]----------
Train samples: 17902
Train loss: 0.0022
Train AUROC score: 0.8610
Eval samples: 3235
Eval loss: 0.0020
Eval AUROC score: 0.8549
Epoch 42 training...
Epoch 42 evaluating...
---------Epoch [42/100]----------
Train samples: 17902
Train loss: 0.0022
Train AUROC score: 0.8632
Eval samples: 3235
Eval loss: 0.0020
Eval AUROC score: 0.8572
Epoch 43 training...
Epoch 43 evaluating...
---------Epoch [43/100]----------
Train samples: 17902
Train loss: 0.0022
Train AUROC score: 0.8636
Eval samples: 3235
Eval loss: 0.0020
Eval AUROC score: 0.8590
Epoch 44 training...
Epoch 44 evaluating...
---------Epoch [44/100]----------
Train samples: 17902
Train loss: 0.0022
Train AUROC score: 0.8620
Eval samples: 3235
Eval loss: 0.0020
Eval AUROC score: 0.8581
Epoch 45 training...
Epoch 45 evaluating...
---------Epoch [45/100]----------
Train samples: 17902
Train loss: 0.0022
Train AUROC score: 0.8636
Eval samples: 3235
Eval loss: 0.0020
Eval AUROC score: 0.8574
Epoch 46 training...
Epoch 46 evaluating...
---------Epoch [46/100]----------
Train samples: 17902
Train loss: 0.0022
Train AUROC score: 0.8632
Eval samples: 3235
Eval loss: 0.0020
Eval AUROC score: 0.8559
Epoch 47 training...
Epoch 47 evaluating...
---------Epoch [47/100]----------
Train samples: 17902
Train loss: 0.0022
Train AUROC score: 0.8613
Eval samples: 3235
Eval loss: 0.0020
Eval AUROC score: 0.8564
Epoch 48 training...
Epoch 48 evaluating...
---------Epoch [48/100]----------
Train samples: 17902
Train loss: 0.0022
Train AUROC score: 0.8642
Eval samples: 3235
Eval loss: 0.0020
Eval AUROC score: 0.8576
Epoch 49 training...
Epoch 49 evaluating...
---------Epoch [49/100]----------
Train samples: 17902
Train loss: 0.0022
Train AUROC score: 0.8612
Eval samples: 3235
Eval loss: 0.0020
Eval AUROC score: 0.8578
Epoch 50 training...
